<?xml version="1.0" encoding="UTF-8"?>
<testExecutions version="1">
  <file path="D:\WORK\ALTEGON\chat-app\test\dummy2.test.js">
    <testCase name="names func. first name function" duration="4"/>
    <testCase name="names func. last name func." duration="0"/>
  </file>
</testExecutions>